  grafic_editor.cpp
C:\Users\nikbo\Desktop\grafic_editor\grafic_editor\grafic_editor\grafic_editor.cpp(76,25): warning C4018: <: несоответствие типов со знаком и без знака
C:\Users\nikbo\Desktop\grafic_editor\grafic_editor\grafic_editor\grafic_editor.cpp(103,27): warning C4018: <: несоответствие типов со знаком и без знака
C:\Users\nikbo\Desktop\grafic_editor\grafic_editor\grafic_editor\grafic_editor.cpp(121,26): warning C4018: <: несоответствие типов со знаком и без знака
C:\Users\nikbo\Desktop\grafic_editor\grafic_editor\grafic_editor\grafic_editor.cpp(61,10): warning C4101: rect: неиспользованная локальная переменная
  models.cpp
C:\Users\nikbo\Desktop\grafic_editor\grafic_editor\grafic_editor\models.cpp(49,23): warning C4244: =: преобразование "double" в "LONG", возможна потеря данных
C:\Users\nikbo\Desktop\grafic_editor\grafic_editor\grafic_editor\models.cpp(50,23): warning C4244: =: преобразование "double" в "LONG", возможна потеря данных
C:\Users\nikbo\Desktop\grafic_editor\grafic_editor\grafic_editor\models.cpp(68,43): warning C4244: аргумент: преобразование "double" в "int", возможна потеря данных
C:\Users\nikbo\Desktop\grafic_editor\grafic_editor\grafic_editor\models.cpp(68,24): warning C4244: аргумент: преобразование "double" в "int", возможна потеря данных
C:\Users\nikbo\Desktop\grafic_editor\grafic_editor\grafic_editor\models.cpp(69,41): warning C4244: аргумент: преобразование "double" в "int", возможна потеря данных
C:\Users\nikbo\Desktop\grafic_editor\grafic_editor\grafic_editor\models.cpp(69,22): warning C4244: аргумент: преобразование "double" в "int", возможна потеря данных
C:\Users\nikbo\Desktop\grafic_editor\grafic_editor\grafic_editor\models.cpp(70,41): warning C4244: аргумент: преобразование "double" в "int", возможна потеря данных
C:\Users\nikbo\Desktop\grafic_editor\grafic_editor\grafic_editor\models.cpp(70,22): warning C4244: аргумент: преобразование "double" в "int", возможна потеря данных
C:\Users\nikbo\Desktop\grafic_editor\grafic_editor\grafic_editor\models.cpp(71,41): warning C4244: аргумент: преобразование "double" в "int", возможна потеря данных
C:\Users\nikbo\Desktop\grafic_editor\grafic_editor\grafic_editor\models.cpp(71,22): warning C4244: аргумент: преобразование "double" в "int", возможна потеря данных
C:\Users\nikbo\Desktop\grafic_editor\grafic_editor\grafic_editor\models.cpp(72,41): warning C4244: аргумент: преобразование "double" в "int", возможна потеря данных
C:\Users\nikbo\Desktop\grafic_editor\grafic_editor\grafic_editor\models.cpp(72,22): warning C4244: аргумент: преобразование "double" в "int", возможна потеря данных
C:\Users\nikbo\Desktop\grafic_editor\grafic_editor\grafic_editor\models.cpp(85,115): warning C4244: аргумент: преобразование "double" в "int", возможна потеря данных
C:\Users\nikbo\Desktop\grafic_editor\grafic_editor\grafic_editor\models.cpp(85,85): warning C4244: аргумент: преобразование "double" в "int", возможна потеря данных
C:\Users\nikbo\Desktop\grafic_editor\grafic_editor\grafic_editor\models.cpp(85,53): warning C4244: аргумент: преобразование "double" в "int", возможна потеря данных
C:\Users\nikbo\Desktop\grafic_editor\grafic_editor\grafic_editor\models.cpp(85,34): warning C4244: аргумент: преобразование "double" в "int", возможна потеря данных
C:\Users\nikbo\Desktop\grafic_editor\grafic_editor\grafic_editor\models.cpp(87,118): warning C4244: аргумент: преобразование "double" в "int", возможна потеря данных
C:\Users\nikbo\Desktop\grafic_editor\grafic_editor\grafic_editor\models.cpp(87,74): warning C4244: аргумент: преобразование "double" в "int", возможна потеря данных
C:\Users\nikbo\Desktop\grafic_editor\grafic_editor\grafic_editor\models.cpp(87,53): warning C4244: аргумент: преобразование "double" в "int", возможна потеря данных
C:\Users\nikbo\Desktop\grafic_editor\grafic_editor\grafic_editor\models.cpp(87,34): warning C4244: аргумент: преобразование "double" в "int", возможна потеря данных
C:\Users\nikbo\Desktop\grafic_editor\grafic_editor\grafic_editor\models.cpp(90,113): warning C4244: аргумент: преобразование "double" в "int", возможна потеря данных
C:\Users\nikbo\Desktop\grafic_editor\grafic_editor\grafic_editor\models.cpp(90,92): warning C4244: аргумент: преобразование "double" в "int", возможна потеря данных
C:\Users\nikbo\Desktop\grafic_editor\grafic_editor\grafic_editor\models.cpp(90,73): warning C4244: аргумент: преобразование "double" в "int", возможна потеря данных
C:\Users\nikbo\Desktop\grafic_editor\grafic_editor\grafic_editor\models.cpp(90,45): warning C4244: аргумент: преобразование "double" в "int", возможна потеря данных
C:\Users\nikbo\Desktop\grafic_editor\grafic_editor\grafic_editor\models.cpp(92,115): warning C4244: аргумент: преобразование "double" в "int", возможна потеря данных
C:\Users\nikbo\Desktop\grafic_editor\grafic_editor\grafic_editor\models.cpp(92,82): warning C4244: аргумент: преобразование "double" в "int", возможна потеря данных
C:\Users\nikbo\Desktop\grafic_editor\grafic_editor\grafic_editor\models.cpp(92,63): warning C4244: аргумент: преобразование "double" в "int", возможна потеря данных
C:\Users\nikbo\Desktop\grafic_editor\grafic_editor\grafic_editor\models.cpp(92,35): warning C4244: аргумент: преобразование "double" в "int", возможна потеря данных
C:\Users\nikbo\Desktop\grafic_editor\grafic_editor\grafic_editor\models.cpp(95,117): warning C4244: аргумент: преобразование "double" в "int", возможна потеря данных
C:\Users\nikbo\Desktop\grafic_editor\grafic_editor\grafic_editor\models.cpp(95,86): warning C4244: аргумент: преобразование "double" в "int", возможна потеря данных
C:\Users\nikbo\Desktop\grafic_editor\grafic_editor\grafic_editor\models.cpp(95,53): warning C4244: аргумент: преобразование "double" в "int", возможна потеря данных
C:\Users\nikbo\Desktop\grafic_editor\grafic_editor\grafic_editor\models.cpp(95,34): warning C4244: аргумент: преобразование "double" в "int", возможна потеря данных
C:\Users\nikbo\Desktop\grafic_editor\grafic_editor\grafic_editor\models.cpp(97,117): warning C4244: аргумент: преобразование "double" в "int", возможна потеря данных
C:\Users\nikbo\Desktop\grafic_editor\grafic_editor\grafic_editor\models.cpp(97,74): warning C4244: аргумент: преобразование "double" в "int", возможна потеря данных
C:\Users\nikbo\Desktop\grafic_editor\grafic_editor\grafic_editor\models.cpp(97,53): warning C4244: аргумент: преобразование "double" в "int", возможна потеря данных
C:\Users\nikbo\Desktop\grafic_editor\grafic_editor\grafic_editor\models.cpp(97,34): warning C4244: аргумент: преобразование "double" в "int", возможна потеря данных
C:\Users\nikbo\Desktop\grafic_editor\grafic_editor\grafic_editor\models.cpp(100,117): warning C4244: аргумент: преобразование "double" в "int", возможна потеря данных
C:\Users\nikbo\Desktop\grafic_editor\grafic_editor\grafic_editor\models.cpp(100,96): warning C4244: аргумент: преобразование "double" в "int", возможна потеря данных
C:\Users\nikbo\Desktop\grafic_editor\grafic_editor\grafic_editor\models.cpp(100,77): warning C4244: аргумент: преобразование "double" в "int", возможна потеря данных
C:\Users\nikbo\Desktop\grafic_editor\grafic_editor\grafic_editor\models.cpp(100,48): warning C4244: аргумент: преобразование "double" в "int", возможна потеря данных
C:\Users\nikbo\Desktop\grafic_editor\grafic_editor\grafic_editor\models.cpp(102,117): warning C4244: аргумент: преобразование "double" в "int", возможна потеря данных
C:\Users\nikbo\Desktop\grafic_editor\grafic_editor\grafic_editor\models.cpp(102,84): warning C4244: аргумент: преобразование "double" в "int", возможна потеря данных
C:\Users\nikbo\Desktop\grafic_editor\grafic_editor\grafic_editor\models.cpp(102,65): warning C4244: аргумент: преобразование "double" в "int", возможна потеря данных
C:\Users\nikbo\Desktop\grafic_editor\grafic_editor\grafic_editor\models.cpp(102,36): warning C4244: аргумент: преобразование "double" в "int", возможна потеря данных
C:\Users\nikbo\Desktop\grafic_editor\grafic_editor\grafic_editor\models.cpp(105,17): warning C4244: инициализация: преобразование "double" в "int", возможна потеря данных
C:\Users\nikbo\Desktop\grafic_editor\grafic_editor\grafic_editor\models.cpp(106,17): warning C4244: инициализация: преобразование "double" в "int", возможна потеря данных
C:\Users\nikbo\Desktop\grafic_editor\grafic_editor\grafic_editor\models.cpp(107,18): warning C4244: инициализация: преобразование "double" в "int", возможна потеря данных
C:\Users\nikbo\Desktop\grafic_editor\grafic_editor\grafic_editor\models.cpp(108,18): warning C4244: инициализация: преобразование "double" в "int", возможна потеря данных
C:\Users\nikbo\Desktop\grafic_editor\grafic_editor\grafic_editor\models.cpp(112,32): warning C4244: =: преобразование "double" в "int", возможна потеря данных
C:\Users\nikbo\Desktop\grafic_editor\grafic_editor\grafic_editor\models.cpp(113,71): warning C4244: =: преобразование "double" в "int", возможна потеря данных
C:\Users\nikbo\Desktop\grafic_editor\grafic_editor\grafic_editor\models.cpp(114,32): warning C4244: =: преобразование "double" в "int", возможна потеря данных
C:\Users\nikbo\Desktop\grafic_editor\grafic_editor\grafic_editor\models.cpp(115,72): warning C4244: =: преобразование "double" в "int", возможна потеря данных
C:\Users\nikbo\Desktop\grafic_editor\grafic_editor\grafic_editor\models.cpp(119,68): warning C4244: =: преобразование "double" в "int", возможна потеря данных
C:\Users\nikbo\Desktop\grafic_editor\grafic_editor\grafic_editor\models.cpp(120,31): warning C4244: =: преобразование "double" в "int", возможна потеря данных
C:\Users\nikbo\Desktop\grafic_editor\grafic_editor\grafic_editor\models.cpp(121,72): warning C4244: =: преобразование "double" в "int", возможна потеря данных
C:\Users\nikbo\Desktop\grafic_editor\grafic_editor\grafic_editor\models.cpp(122,33): warning C4244: =: преобразование "double" в "int", возможна потеря данных
C:\Users\nikbo\Desktop\grafic_editor\grafic_editor\grafic_editor\models.cpp(126,71): warning C4244: =: преобразование "double" в "int", возможна потеря данных
C:\Users\nikbo\Desktop\grafic_editor\grafic_editor\grafic_editor\models.cpp(127,33): warning C4244: =: преобразование "double" в "int", возможна потеря данных
C:\Users\nikbo\Desktop\grafic_editor\grafic_editor\grafic_editor\models.cpp(128,72): warning C4244: =: преобразование "double" в "int", возможна потеря данных
C:\Users\nikbo\Desktop\grafic_editor\grafic_editor\grafic_editor\models.cpp(129,32): warning C4244: =: преобразование "double" в "int", возможна потеря данных
C:\Users\nikbo\Desktop\grafic_editor\grafic_editor\grafic_editor\models.cpp(140,98): warning C4244: аргумент: преобразование "double" в "int", возможна потеря данных
C:\Users\nikbo\Desktop\grafic_editor\grafic_editor\grafic_editor\models.cpp(140,77): warning C4244: аргумент: преобразование "double" в "int", возможна потеря данных
C:\Users\nikbo\Desktop\grafic_editor\grafic_editor\grafic_editor\models.cpp(140,56): warning C4244: аргумент: преобразование "double" в "int", возможна потеря данных
C:\Users\nikbo\Desktop\grafic_editor\grafic_editor\grafic_editor\models.cpp(140,35): warning C4244: аргумент: преобразование "double" в "int", возможна потеря данных
C:\Users\nikbo\Desktop\grafic_editor\grafic_editor\grafic_editor\models.cpp(201,15): warning C4244: инициализация: преобразование "double" в "int", возможна потеря данных
C:\Users\nikbo\Desktop\grafic_editor\grafic_editor\grafic_editor\models.cpp(201,35): warning C4244: инициализация: преобразование "double" в "int", возможна потеря данных
C:\Users\nikbo\Desktop\grafic_editor\grafic_editor\grafic_editor\models.cpp(201,55): warning C4244: инициализация: преобразование "double" в "int", возможна потеря данных
C:\Users\nikbo\Desktop\grafic_editor\grafic_editor\grafic_editor\models.cpp(201,75): warning C4244: инициализация: преобразование "double" в "int", возможна потеря данных
C:\Users\nikbo\Desktop\grafic_editor\grafic_editor\grafic_editor\models.cpp(206,30): warning C4244: =: преобразование "double" в "int", возможна потеря данных
C:\Users\nikbo\Desktop\grafic_editor\grafic_editor\grafic_editor\models.cpp(208,30): warning C4244: =: преобразование "double" в "int", возможна потеря данных
C:\Users\nikbo\Desktop\grafic_editor\grafic_editor\grafic_editor\models.cpp(210,30): warning C4244: =: преобразование "double" в "int", возможна потеря данных
C:\Users\nikbo\Desktop\grafic_editor\grafic_editor\grafic_editor\models.cpp(212,30): warning C4244: =: преобразование "double" в "int", возможна потеря данных
C:\Users\nikbo\Desktop\grafic_editor\grafic_editor\grafic_editor\models.cpp(240,100): warning C4244: аргумент: преобразование "double" в "int", возможна потеря данных
C:\Users\nikbo\Desktop\grafic_editor\grafic_editor\grafic_editor\models.cpp(240,78): warning C4244: аргумент: преобразование "double" в "int", возможна потеря данных
C:\Users\nikbo\Desktop\grafic_editor\grafic_editor\grafic_editor\models.cpp(240,56): warning C4244: аргумент: преобразование "double" в "int", возможна потеря данных
C:\Users\nikbo\Desktop\grafic_editor\grafic_editor\grafic_editor\models.cpp(240,35): warning C4244: аргумент: преобразование "double" в "int", возможна потеря данных
C:\Users\nikbo\Desktop\grafic_editor\grafic_editor\grafic_editor\models.cpp(262,100): warning C4244: аргумент: преобразование "double" в "int", возможна потеря данных
C:\Users\nikbo\Desktop\grafic_editor\grafic_editor\grafic_editor\models.cpp(262,78): warning C4244: аргумент: преобразование "double" в "int", возможна потеря данных
C:\Users\nikbo\Desktop\grafic_editor\grafic_editor\grafic_editor\models.cpp(262,56): warning C4244: аргумент: преобразование "double" в "int", возможна потеря данных
C:\Users\nikbo\Desktop\grafic_editor\grafic_editor\grafic_editor\models.cpp(262,35): warning C4244: аргумент: преобразование "double" в "int", возможна потеря данных
C:\Users\nikbo\Desktop\grafic_editor\grafic_editor\grafic_editor\models.cpp(274,105): warning C4244: аргумент: преобразование "double" в "int", возможна потеря данных
C:\Users\nikbo\Desktop\grafic_editor\grafic_editor\grafic_editor\models.cpp(274,82): warning C4244: аргумент: преобразование "double" в "int", возможна потеря данных
C:\Users\nikbo\Desktop\grafic_editor\grafic_editor\grafic_editor\models.cpp(274,59): warning C4244: аргумент: преобразование "double" в "int", возможна потеря данных
C:\Users\nikbo\Desktop\grafic_editor\grafic_editor\grafic_editor\models.cpp(274,36): warning C4244: аргумент: преобразование "double" в "int", возможна потеря данных
C:\Users\nikbo\Desktop\grafic_editor\grafic_editor\grafic_editor\models.cpp(333,105): warning C4244: аргумент: преобразование "double" в "int", возможна потеря данных
C:\Users\nikbo\Desktop\grafic_editor\grafic_editor\grafic_editor\models.cpp(333,82): warning C4244: аргумент: преобразование "double" в "int", возможна потеря данных
C:\Users\nikbo\Desktop\grafic_editor\grafic_editor\grafic_editor\models.cpp(333,59): warning C4244: аргумент: преобразование "double" в "int", возможна потеря данных
C:\Users\nikbo\Desktop\grafic_editor\grafic_editor\grafic_editor\models.cpp(333,36): warning C4244: аргумент: преобразование "double" в "int", возможна потеря данных
C:\Users\nikbo\Desktop\grafic_editor\grafic_editor\grafic_editor\models.cpp(345,94): warning C4244: аргумент: преобразование "double" в "int", возможна потеря данных
C:\Users\nikbo\Desktop\grafic_editor\grafic_editor\grafic_editor\models.cpp(345,75): warning C4244: аргумент: преобразование "double" в "int", возможна потеря данных
C:\Users\nikbo\Desktop\grafic_editor\grafic_editor\grafic_editor\models.cpp(345,56): warning C4244: аргумент: преобразование "double" в "int", возможна потеря данных
C:\Users\nikbo\Desktop\grafic_editor\grafic_editor\grafic_editor\models.cpp(345,37): warning C4244: аргумент: преобразование "double" в "int", возможна потеря данных
C:\Users\nikbo\Desktop\grafic_editor\grafic_editor\grafic_editor\models.cpp(347,132): warning C4244: аргумент: преобразование "double" в "int", возможна потеря данных
C:\Users\nikbo\Desktop\grafic_editor\grafic_editor\grafic_editor\models.cpp(347,89): warning C4244: аргумент: преобразование "double" в "int", возможна потеря данных
C:\Users\nikbo\Desktop\grafic_editor\grafic_editor\grafic_editor\models.cpp(347,56): warning C4244: аргумент: преобразование "double" в "int", возможна потеря данных
C:\Users\nikbo\Desktop\grafic_editor\grafic_editor\grafic_editor\models.cpp(347,37): warning C4244: аргумент: преобразование "double" в "int", возможна потеря данных
C:\Users\nikbo\Desktop\grafic_editor\grafic_editor\grafic_editor\models.cpp(348,132): warning C4244: аргумент: преобразование "double" в "int", возможна потеря данных
C:\Users\nikbo\Desktop\grafic_editor\grafic_editor\grafic_editor\models.cpp(348,99): warning C4244: аргумент: преобразование "double" в "int", возможна потеря данных
C:\Users\nikbo\Desktop\grafic_editor\grafic_editor\grafic_editor\models.cpp(348,80): warning C4244: аргумент: преобразование "double" в "int", возможна потеря данных
C:\Users\nikbo\Desktop\grafic_editor\grafic_editor\grafic_editor\models.cpp(348,51): warning C4244: аргумент: преобразование "double" в "int", возможна потеря данных
C:\Users\nikbo\Desktop\grafic_editor\grafic_editor\grafic_editor\models.cpp(349,142): warning C4244: аргумент: преобразование "double" в "int", возможна потеря данных
C:\Users\nikbo\Desktop\grafic_editor\grafic_editor\grafic_editor\models.cpp(349,123): warning C4244: аргумент: преобразование "double" в "int", возможна потеря данных
C:\Users\nikbo\Desktop\grafic_editor\grafic_editor\grafic_editor\models.cpp(349,94): warning C4244: аргумент: преобразование "double" в "int", возможна потеря данных
C:\Users\nikbo\Desktop\grafic_editor\grafic_editor\grafic_editor\models.cpp(349,51): warning C4244: аргумент: преобразование "double" в "int", возможна потеря данных
C:\Users\nikbo\Desktop\grafic_editor\grafic_editor\grafic_editor\models.cpp(350,142): warning C4244: аргумент: преобразование "double" в "int", возможна потеря данных
C:\Users\nikbo\Desktop\grafic_editor\grafic_editor\grafic_editor\models.cpp(350,113): warning C4244: аргумент: преобразование "double" в "int", возможна потеря данных
C:\Users\nikbo\Desktop\grafic_editor\grafic_editor\grafic_editor\models.cpp(350,70): warning C4244: аргумент: преобразование "double" в "int", возможна потеря данных
C:\Users\nikbo\Desktop\grafic_editor\grafic_editor\grafic_editor\models.cpp(350,37): warning C4244: аргумент: преобразование "double" в "int", возможна потеря данных
C:\Users\nikbo\Desktop\grafic_editor\grafic_editor\grafic_editor\models.cpp(352,17): warning C4244: инициализация: преобразование "double" в "int", возможна потеря данных
C:\Users\nikbo\Desktop\grafic_editor\grafic_editor\grafic_editor\models.cpp(353,17): warning C4244: инициализация: преобразование "double" в "int", возможна потеря данных
C:\Users\nikbo\Desktop\grafic_editor\grafic_editor\grafic_editor\models.cpp(354,18): warning C4244: инициализация: преобразование "double" в "int", возможна потеря данных
C:\Users\nikbo\Desktop\grafic_editor\grafic_editor\grafic_editor\models.cpp(355,18): warning C4244: инициализация: преобразование "double" в "int", возможна потеря данных
C:\Users\nikbo\Desktop\grafic_editor\grafic_editor\grafic_editor\models.cpp(358,33): warning C4244: =: преобразование "double" в "int", возможна потеря данных
C:\Users\nikbo\Desktop\grafic_editor\grafic_editor\grafic_editor\models.cpp(359,71): warning C4244: =: преобразование "double" в "int", возможна потеря данных
C:\Users\nikbo\Desktop\grafic_editor\grafic_editor\grafic_editor\models.cpp(360,32): warning C4244: =: преобразование "double" в "int", возможна потеря данных
C:\Users\nikbo\Desktop\grafic_editor\grafic_editor\grafic_editor\models.cpp(361,72): warning C4244: =: преобразование "double" в "int", возможна потеря данных
C:\Users\nikbo\Desktop\grafic_editor\grafic_editor\grafic_editor\models.cpp(364,71): warning C4244: =: преобразование "double" в "int", возможна потеря данных
C:\Users\nikbo\Desktop\grafic_editor\grafic_editor\grafic_editor\models.cpp(365,31): warning C4244: =: преобразование "double" в "int", возможна потеря данных
C:\Users\nikbo\Desktop\grafic_editor\grafic_editor\grafic_editor\models.cpp(366,72): warning C4244: =: преобразование "double" в "int", возможна потеря данных
C:\Users\nikbo\Desktop\grafic_editor\grafic_editor\grafic_editor\models.cpp(367,34): warning C4244: =: преобразование "double" в "int", возможна потеря данных
C:\Users\nikbo\Desktop\grafic_editor\grafic_editor\grafic_editor\models.cpp(370,71): warning C4244: =: преобразование "double" в "int", возможна потеря данных
C:\Users\nikbo\Desktop\grafic_editor\grafic_editor\grafic_editor\models.cpp(371,33): warning C4244: =: преобразование "double" в "int", возможна потеря данных
C:\Users\nikbo\Desktop\grafic_editor\grafic_editor\grafic_editor\models.cpp(372,72): warning C4244: =: преобразование "double" в "int", возможна потеря данных
C:\Users\nikbo\Desktop\grafic_editor\grafic_editor\grafic_editor\models.cpp(373,32): warning C4244: =: преобразование "double" в "int", возможна потеря данных
C:\Users\nikbo\Desktop\grafic_editor\grafic_editor\grafic_editor\models.cpp(414,105): warning C4244: аргумент: преобразование "double" в "int", возможна потеря данных
C:\Users\nikbo\Desktop\grafic_editor\grafic_editor\grafic_editor\models.cpp(414,82): warning C4244: аргумент: преобразование "double" в "int", возможна потеря данных
C:\Users\nikbo\Desktop\grafic_editor\grafic_editor\grafic_editor\models.cpp(414,59): warning C4244: аргумент: преобразование "double" в "int", возможна потеря данных
C:\Users\nikbo\Desktop\grafic_editor\grafic_editor\grafic_editor\models.cpp(414,36): warning C4244: аргумент: преобразование "double" в "int", возможна потеря данных
C:\Users\nikbo\Desktop\grafic_editor\grafic_editor\grafic_editor\models.cpp(423,91): warning C4244: аргумент: преобразование "double" в "int", возможна потеря данных
C:\Users\nikbo\Desktop\grafic_editor\grafic_editor\grafic_editor\models.cpp(423,72): warning C4244: аргумент: преобразование "double" в "int", возможна потеря данных
C:\Users\nikbo\Desktop\grafic_editor\grafic_editor\grafic_editor\models.cpp(423,53): warning C4244: аргумент: преобразование "double" в "int", возможна потеря данных
C:\Users\nikbo\Desktop\grafic_editor\grafic_editor\grafic_editor\models.cpp(423,34): warning C4244: аргумент: преобразование "double" в "int", возможна потеря данных
  Создание кода...
  grafic_editor.vcxproj -> C:\Users\nikbo\Desktop\grafic_editor\grafic_editor\Debug\grafic_editor.exe
